TN:
SF:src/error-handler.middleware.ts
FN:3,(anonymous_0)
FNF:1
FNH:0
FNDA:0,(anonymous_0)
DA:3,0
DA:4,0
DA:5,0
LF:3
LH:0
BRF:0
BRH:0
end_of_record
TN:
SF:src/index.ts
FN:14,(anonymous_1)
FN:22,(anonymous_2)
FN:26,(anonymous_3)
FNF:3
FNH:0
FNDA:0,(anonymous_1)
FNDA:0,(anonymous_2)
FNDA:0,(anonymous_3)
DA:1,0
DA:2,0
DA:3,0
DA:4,0
DA:7,0
DA:9,0
DA:10,0
DA:13,0
DA:15,0
DA:17,0
DA:18,0
DA:19,0
DA:20,0
DA:22,0
DA:23,0
DA:27,0
DA:28,0
LF:17
LH:0
BRF:0
BRH:0
end_of_record
TN:
SF:src/modern/app.ts
FNF:0
FNH:0
DA:1,0
DA:2,0
DA:3,0
DA:5,0
DA:6,0
DA:9,0
DA:10,0
DA:11,0
DA:12,0
DA:13,0
DA:14,0
DA:17,0
DA:19,0
LF:13
LH:0
BRF:0
BRH:0
end_of_record
TN:
SF:src/modern/config/data-source.ts
FNF:0
FNH:0
DA:1,2
DA:2,2
DA:3,2
DA:5,2
LF:4
LH:4
BRDA:7,0,0,2
BRDA:7,0,1,0
BRDA:8,1,0,2
BRDA:8,1,1,0
BRDA:9,2,0,2
BRDA:9,2,1,2
BRDA:10,3,0,2
BRDA:10,3,1,2
BRDA:11,4,0,2
BRDA:11,4,1,2
BRF:10
BRH:8
end_of_record
TN:
SF:src/modern/controller/membership.controller.ts
FN:8,(anonymous_7)
FN:12,(anonymous_8)
FN:21,(anonymous_10)
FN:45,(anonymous_12)
FN:61,(anonymous_14)
FN:85,(anonymous_16)
FN:109,(anonymous_18)
FNF:7
FNH:0
FNDA:0,(anonymous_7)
FNDA:0,(anonymous_8)
FNDA:0,(anonymous_10)
FNDA:0,(anonymous_12)
FNDA:0,(anonymous_14)
FNDA:0,(anonymous_16)
FNDA:0,(anonymous_18)
DA:2,0
DA:3,0
DA:5,0
DA:9,0
DA:13,0
DA:14,0
DA:15,0
DA:17,0
DA:22,0
DA:23,0
DA:24,0
DA:25,0
DA:31,0
DA:32,0
DA:33,0
DA:39,0
DA:41,0
DA:46,0
DA:47,0
DA:48,0
DA:49,0
DA:55,0
DA:57,0
DA:62,0
DA:63,0
DA:64,0
DA:65,0
DA:71,0
DA:72,0
DA:73,0
DA:79,0
DA:81,0
DA:86,0
DA:87,0
DA:88,0
DA:89,0
DA:95,0
DA:96,0
DA:97,0
DA:103,0
DA:105,0
DA:110,0
DA:111,0
DA:112,0
DA:113,0
DA:119,0
DA:120,0
DA:122,0
LF:48
LH:0
BRDA:24,0,0,0
BRDA:32,1,0,0
BRDA:48,2,0,0
BRDA:64,3,0,0
BRDA:72,4,0,0
BRDA:88,5,0,0
BRDA:96,6,0,0
BRDA:98,7,0,0
BRDA:98,7,1,0
BRDA:112,8,0,0
BRF:10
BRH:0
end_of_record
TN:
SF:src/modern/entity/membership-period.entity.ts
FN:24,(anonymous_2)
FN:24,(anonymous_3)
FNF:2
FNH:2
FNDA:1,(anonymous_2)
FNDA:1,(anonymous_3)
DA:1,2
DA:2,2
DA:5,2
DA:7,2
DA:10,2
DA:13,2
DA:16,2
DA:19,2
DA:22,2
DA:24,1
DA:26,2
LF:11
LH:11
BRF:0
BRH:0
end_of_record
TN:
SF:src/modern/entity/membership.entity.ts
FN:42,(anonymous_2)
FN:42,(anonymous_3)
FNF:2
FNH:2
FNDA:1,(anonymous_2)
FNDA:1,(anonymous_3)
DA:1,2
DA:2,2
DA:5,2
DA:7,2
DA:10,2
DA:13,2
DA:16,2
DA:19,2
DA:22,2
DA:25,2
DA:28,2
DA:31,2
DA:34,2
DA:37,2
DA:40,2
DA:42,1
DA:43,2
LF:17
LH:17
BRF:0
BRH:0
end_of_record
TN:
SF:src/modern/middleware/error.middleware.ts
FN:11,(anonymous_0)
FNF:1
FNH:0
FNDA:0,(anonymous_0)
DA:2,0
DA:11,0
DA:17,0
DA:24,0
DA:29,0
DA:30,0
DA:32,0
DA:33,0
DA:34,0
DA:38,0
DA:39,0
DA:40,0
DA:42,0
DA:43,0
DA:44,0
DA:46,0
DA:47,0
DA:49,0
DA:52,0
DA:53,0
DA:57,0
LF:21
LH:0
BRDA:21,0,0,0
BRDA:21,0,1,0
BRDA:29,1,0,0
BRDA:30,2,0,0
BRDA:30,2,1,0
BRDA:30,2,2,0
BRDA:30,2,3,0
BRDA:30,2,4,0
BRDA:30,2,5,0
BRDA:52,3,0,0
BRF:10
BRH:0
end_of_record
TN:
SF:src/modern/migration/1710000000000-CreateMembershipTables.ts
FN:3,(anonymous_7)
FN:6,(anonymous_8)
FN:38,(anonymous_10)
FNF:3
FNH:0
FNDA:0,(anonymous_7)
FNDA:0,(anonymous_8)
FNDA:0,(anonymous_10)
DA:3,0
DA:4,0
DA:7,0
DA:24,0
DA:39,0
DA:40,0
LF:6
LH:0
BRF:0
BRH:0
end_of_record
TN:
SF:src/modern/migration/1710000000001-SeedInitialData.ts
FN:4,(anonymous_7)
FN:30,(anonymous_9)
FNF:2
FNH:0
FNDA:0,(anonymous_7)
FNDA:0,(anonymous_9)
DA:3,0
DA:6,0
DA:15,0
DA:18,0
DA:27,0
DA:32,0
DA:33,0
DA:36,0
DA:37,0
LF:9
LH:0
BRF:0
BRH:0
end_of_record
TN:
SF:src/modern/model/membership.model.ts
FN:18,(anonymous_0)
FN:33,(anonymous_1)
FN:51,(anonymous_2)
FN:62,(anonymous_3)
FN:101,(anonymous_4)
FNF:5
FNH:5
FNDA:30,(anonymous_0)
FNDA:30,(anonymous_1)
FNDA:30,(anonymous_2)
FNDA:11,(anonymous_3)
FNDA:5,(anonymous_4)
DA:1,4
DA:4,4
DA:19,30
DA:20,30
DA:21,30
DA:22,30
DA:23,30
DA:24,30
DA:25,30
DA:26,30
DA:27,30
DA:28,30
DA:29,30
DA:30,30
DA:34,30
DA:36,30
DA:38,23
DA:39,23
DA:41,4
DA:42,4
DA:44,0
DA:45,0
DA:48,30
DA:52,30
DA:53,30
DA:54,1
DA:56,29
DA:57,2
DA:59,27
DA:64,11
DA:65,1
DA:69,10
DA:70,2
DA:74,8
DA:75,1
DA:79,7
DA:80,4
DA:81,1
DA:83,3
DA:84,1
DA:86,3
DA:87,3
DA:88,2
DA:89,1
DA:91,1
DA:94,0
DA:95,0
DA:98,3
DA:102,5
DA:103,5
DA:105,5
DA:106,21
DA:111,21
DA:117,21
DA:119,18
DA:120,18
DA:122,3
DA:123,3
DA:125,0
DA:126,0
DA:129,21
DA:138,21
DA:141,5
LF:63
LH:57
BRDA:19,0,0,30
BRDA:19,0,1,18
BRDA:20,1,0,30
BRDA:20,1,1,20
BRDA:21,2,0,30
BRDA:21,2,1,1
BRDA:22,3,0,30
BRDA:22,3,1,16
BRDA:23,4,0,30
BRDA:23,4,1,1
BRDA:24,5,0,19
BRDA:24,5,1,11
BRDA:25,6,0,30
BRDA:25,6,1,3
BRDA:27,7,0,30
BRDA:27,7,1,16
BRDA:28,8,0,30
BRDA:28,8,1,14
BRDA:29,9,0,30
BRDA:29,9,1,3
BRDA:30,10,0,30
BRDA:30,10,1,3
BRDA:36,11,0,23
BRDA:36,11,1,4
BRDA:36,11,2,0
BRDA:53,12,0,1
BRDA:56,13,0,2
BRDA:64,14,0,1
BRDA:64,15,0,11
BRDA:64,15,1,10
BRDA:69,16,0,2
BRDA:74,17,0,1
BRDA:74,18,0,8
BRDA:74,18,1,1
BRDA:79,19,0,4
BRDA:79,19,1,3
BRDA:80,20,0,1
BRDA:83,21,0,1
BRDA:86,22,0,3
BRDA:86,22,1,0
BRDA:87,23,0,2
BRDA:88,24,0,1
BRDA:88,24,1,1
BRDA:94,25,0,0
BRDA:117,26,0,18
BRDA:117,26,1,3
BRDA:117,26,2,0
BRF:47
BRH:43
end_of_record
TN:
SF:src/modern/repository/membership.repository.ts
FN:14,(anonymous_7)
FN:19,(anonymous_8)
FN:22,(anonymous_10)
FN:32,(anonymous_11)
FN:45,(anonymous_13)
FN:63,(anonymous_15)
FN:91,(anonymous_17)
FN:112,(anonymous_19)
FN:124,(anonymous_21)
FNF:9
FNH:8
FNDA:1,(anonymous_7)
FNDA:2,(anonymous_8)
FNDA:2,(anonymous_10)
FNDA:3,(anonymous_11)
FNDA:6,(anonymous_13)
FNDA:0,(anonymous_15)
FNDA:2,(anonymous_17)
FNDA:2,(anonymous_19)
FNDA:1,(anonymous_21)
DA:1,2
DA:2,2
DA:3,2
DA:5,2
DA:6,2
DA:7,2
DA:8,2
DA:10,2
DA:15,1
DA:16,1
DA:20,2
DA:21,2
DA:22,2
DA:24,0
DA:33,3
DA:34,3
DA:35,3
DA:37,0
DA:46,6
DA:47,6
DA:52,6
DA:53,6
DA:55,0
DA:64,0
DA:65,0
DA:66,0
DA:67,0
DA:73,0
DA:78,0
DA:80,0
DA:81,0
DA:83,0
DA:92,2
DA:93,2
DA:95,2
DA:96,1
DA:99,1
DA:101,0
DA:102,0
DA:104,0
DA:113,2
DA:114,2
DA:116,0
DA:125,1
DA:126,1
DA:131,1
DA:133,0
LF:47
LH:30
BRDA:35,0,0,1
BRDA:35,0,1,2
BRDA:66,1,0,0
BRDA:80,2,0,0
BRDA:95,3,0,1
BRDA:101,4,0,0
BRF:6
BRH:3
end_of_record
TN:
SF:src/modern/routes/membership.routes.ts
FN:7,(anonymous_1)
FN:8,(anonymous_2)
FN:9,(anonymous_3)
FN:10,(anonymous_4)
FN:11,(anonymous_5)
FN:12,(anonymous_6)
FNF:6
FNH:0
FNDA:0,(anonymous_1)
FNDA:0,(anonymous_2)
FNDA:0,(anonymous_3)
FNDA:0,(anonymous_4)
FNDA:0,(anonymous_5)
FNDA:0,(anonymous_6)
DA:1,0
DA:2,0
DA:4,0
DA:5,0
DA:7,0
DA:8,0
DA:9,0
DA:10,0
DA:11,0
DA:12,0
DA:14,0
LF:11
LH:0
BRF:0
BRH:0
end_of_record
TN:
SF:src/modern/service/membership.service.ts
FN:11,(anonymous_7)
FN:15,(anonymous_8)
FN:19,(anonymous_10)
FN:19,(anonymous_11)
FN:34,(anonymous_12)
FN:52,(anonymous_14)
FN:67,(anonymous_16)
FN:89,(anonymous_17)
FN:112,(anonymous_19)
FN:128,(anonymous_21)
FNF:10
FNH:8
FNDA:9,(anonymous_7)
FNDA:2,(anonymous_8)
FNDA:1,(anonymous_10)
FNDA:1,(anonymous_11)
FNDA:2,(anonymous_12)
FNDA:2,(anonymous_14)
FNDA:6,(anonymous_16)
FNDA:0,(anonymous_17)
FNDA:3,(anonymous_19)
FNDA:0,(anonymous_21)
DA:2,1
DA:3,1
DA:4,1
DA:8,1
DA:12,9
DA:16,2
DA:17,2
DA:18,1
DA:19,1
DA:20,1
DA:21,1
DA:27,1
DA:29,1
DA:30,1
DA:35,2
DA:36,2
DA:37,2
DA:38,1
DA:41,1
DA:42,1
DA:47,0
DA:48,0
DA:53,2
DA:54,2
DA:56,2
DA:57,1
DA:60,1
DA:62,1
DA:65,1
DA:66,1
DA:68,6
DA:76,1
DA:81,0
DA:82,0
DA:83,0
DA:85,0
DA:90,0
DA:91,0
DA:92,0
DA:93,0
DA:96,0
DA:97,0
DA:98,0
DA:101,0
DA:102,0
DA:107,0
DA:108,0
DA:113,3
DA:114,3
DA:115,2
DA:120,1
DA:121,1
DA:122,1
DA:124,0
DA:129,0
LF:55
LH:36
BRDA:37,0,0,1
BRDA:56,1,0,1
BRDA:57,2,0,1
BRDA:57,2,1,0
BRDA:82,3,0,0
BRDA:92,4,0,0
BRDA:97,5,0,0
BRDA:117,6,0,1
BRDA:117,6,1,1
BRDA:121,7,0,1
BRF:10
BRH:6
end_of_record
TN:
SF:src/modern/shared/enums/membership.enum.ts
FN:1,(anonymous_0)
FN:7,(anonymous_1)
FN:13,(anonymous_2)
FN:19,(anonymous_3)
FNF:4
FNH:4
FNDA:4,(anonymous_0)
FNDA:4,(anonymous_1)
FNDA:4,(anonymous_2)
FNDA:4,(anonymous_3)
DA:1,4
DA:2,4
DA:3,4
DA:4,4
DA:7,4
DA:8,4
DA:9,4
DA:10,4
DA:13,4
DA:14,4
DA:15,4
DA:16,4
DA:19,4
DA:20,4
DA:21,4
LF:15
LH:15
BRDA:1,0,0,4
BRDA:1,0,1,4
BRDA:7,1,0,4
BRDA:7,1,1,4
BRDA:13,2,0,4
BRDA:13,2,1,4
BRDA:19,3,0,4
BRDA:19,3,1,4
BRF:8
BRH:8
end_of_record
TN:
SF:src/modern/shared/errors/membership.error.ts
FN:2,(anonymous_0)
FN:12,(anonymous_1)
FNF:2
FNH:2
FNDA:1,(anonymous_0)
FNDA:3,(anonymous_1)
DA:1,3
DA:4,1
DA:5,1
DA:7,1
DA:8,1
DA:12,3
DA:13,3
DA:14,3
DA:15,3
DA:16,3
DA:17,3
DA:18,3
DA:19,3
DA:20,3
DA:21,3
LF:15
LH:15
BRDA:12,0,0,3
BRDA:12,0,1,3
BRF:2
BRH:2
end_of_record
TN:
SF:src/modern/utils/file.utils.ts
FN:7,(anonymous_8)
FN:21,(anonymous_10)
FN:31,(anonymous_12)
FN:31,(anonymous_13)
FNF:4
FNH:0
FNDA:0,(anonymous_8)
FNDA:0,(anonymous_10)
FNDA:0,(anonymous_12)
FNDA:0,(anonymous_13)
DA:1,0
DA:2,0
DA:4,0
DA:5,0
DA:8,0
DA:9,0
DA:10,0
DA:11,0
DA:13,0
DA:15,0
DA:17,0
DA:22,0
DA:23,0
DA:24,0
DA:26,0
DA:27,0
DA:31,0
DA:32,0
DA:33,0
DA:34,0
DA:36,0
DA:37,0
LF:22
LH:0
BRDA:13,0,0,0
BRDA:31,1,0,0
BRDA:36,2,0,0
BRF:3
BRH:0
end_of_record
